<?xml version="1.0" encoding="UTF-8"?>
<!-- Generated by org.testng.reporters.JUnitXMLReporter -->
<testsuite hostname="DESKTOP-4FPH6EQ" failures="1" tests="2" name="Landing Page Test" time="74.18" errors="0" timestamp="10 Feb 2020 14:28:51 GMT">
  <testcase classname="Daraz.LandingPageTest" name="validateNavigationBarIsDisplayed" time="0.469">
    <failure type="java.lang.AssertionError" message="expected [true] but found [false]">
      <![CDATA[java.lang.AssertionError: expected [true] but found [false]
	at Daraz.LandingPageTest.validateNavigationBarIsDisplayed(LandingPageTest.java:27)
	at java.base/java.util.concurrent.FutureTask.run(FutureTask.java:264)
	at java.base/java.util.concurrent.ThreadPoolExecutor.runWorker(ThreadPoolExecutor.java:1128)
	at java.base/java.util.concurrent.ThreadPoolExecutor$Worker.run(ThreadPoolExecutor.java:628)
	at java.base/java.lang.Thread.run(Thread.java:830)
... Removed 20 stack frames]]>
    </failure>
  </testcase> <!-- validateNavigationBarIsDisplayed -->
  <testcase classname="Daraz.LandingPageTest" name="validateSearchBarIsDisplayed" time="0.338"/>
</testsuite> <!-- Landing Page Test -->
